Line 20: Class tssOfficeMenu.OfficeMenu of control OfficeMenu1 was not a loaded control class.
Line 23: The property name _ExtentX in OfficeMenu1 is invalid.
Line 24: The property name _ExtentY in OfficeMenu1 is invalid.
Line 25: The property name MenuBitmapCount in OfficeMenu1 is invalid.
Line 26: The property name MenuBitmap:1 in OfficeMenu1 is invalid.
Line 27: The property name Masking:1 in OfficeMenu1 is invalid.
Line 28: The property name MenuKey:1 in OfficeMenu1 is invalid.
Line 29: The property name MenuBitmap:2 in OfficeMenu1 is invalid.
Line 30: The property name Masking:2 in OfficeMenu1 is invalid.
Line 31: The property name MenuKey:2 in OfficeMenu1 is invalid.
Line 32: The property name MenuBitmap:3 in OfficeMenu1 is invalid.
Line 33: The property name Masking:3 in OfficeMenu1 is invalid.
Line 34: The property name MenuKey:3 in OfficeMenu1 is invalid.
Line 35: The property name MenuBitmap:4 in OfficeMenu1 is invalid.
Line 36: The property name Masking:4 in OfficeMenu1 is invalid.
Line 37: The property name MenuKey:4 in OfficeMenu1 is invalid.
Line 38: The property name MenuBitmap:5 in OfficeMenu1 is invalid.
Line 39: The property name Masking:5 in OfficeMenu1 is invalid.
Line 40: The property name MenuKey:5 in OfficeMenu1 is invalid.
Line 41: The property name MenuBitmap:6 in OfficeMenu1 is invalid.
Line 42: The property name Masking:6 in OfficeMenu1 is invalid.
Line 43: The property name MenuKey:6 in OfficeMenu1 is invalid.
Line 44: The property name MenuBitmap:7 in OfficeMenu1 is invalid.
Line 45: The property name Masking:7 in OfficeMenu1 is invalid.
Line 46: The property name MenuKey:7 in OfficeMenu1 is invalid.
Line 47: The property name MenuBitmap:8 in OfficeMenu1 is invalid.
Line 48: The property name Masking:8 in OfficeMenu1 is invalid.
Line 49: The property name MenuKey:8 in OfficeMenu1 is invalid.
Line 50: The property name MenuBitmap:9 in OfficeMenu1 is invalid.
Line 51: The property name Masking:9 in OfficeMenu1 is invalid.
Line 52: The property name MenuKey:9 in OfficeMenu1 is invalid.
Line 53: The property name MenuBitmap:10 in OfficeMenu1 is invalid.
Line 54: The property name Masking:10 in OfficeMenu1 is invalid.
Line 55: The property name MenuKey:10 in OfficeMenu1 is invalid.
Line 56: The property name MenuBitmap:11 in OfficeMenu1 is invalid.
Line 57: The property name Masking:11 in OfficeMenu1 is invalid.
Line 58: The property name MenuKey:11 in OfficeMenu1 is invalid.
Line 59: The property name MenuBitmap:12 in OfficeMenu1 is invalid.
Line 60: The property name Masking:12 in OfficeMenu1 is invalid.
Line 61: The property name MenuKey:12 in OfficeMenu1 is invalid.
Line 62: The property name MenuBitmap:13 in OfficeMenu1 is invalid.
Line 63: The property name Masking:13 in OfficeMenu1 is invalid.
Line 64: The property name MenuKey:13 in OfficeMenu1 is invalid.
Line 65: The property name MenuBitmap:14 in OfficeMenu1 is invalid.
Line 66: The property name Masking:14 in OfficeMenu1 is invalid.
Line 67: The property name MenuKey:14 in OfficeMenu1 is invalid.
Line 68: The property name MenuBitmap:15 in OfficeMenu1 is invalid.
Line 69: The property name Masking:15 in OfficeMenu1 is invalid.
Line 70: The property name MenuKey:15 in OfficeMenu1 is invalid.
Line 71: The property name MenuBitmap:16 in OfficeMenu1 is invalid.
Line 72: The property name Masking:16 in OfficeMenu1 is invalid.
Line 73: The property name MenuKey:16 in OfficeMenu1 is invalid.
Line 74: The property name MenuBitmap:17 in OfficeMenu1 is invalid.
Line 75: The property name Masking:17 in OfficeMenu1 is invalid.
Line 76: The property name MenuKey:17 in OfficeMenu1 is invalid.
Line 77: The property name MenuBitmap:18 in OfficeMenu1 is invalid.
Line 78: The property name Masking:18 in OfficeMenu1 is invalid.
Line 79: The property name MenuKey:18 in OfficeMenu1 is invalid.
Line 89: The property name ArrowColor in OfficeMenu1 is invalid.
Line 90: The property name BackgroundColor in OfficeMenu1 is invalid.
Line 91: The property name BorderColor in OfficeMenu1 is invalid.
Line 92: The property name CheckFillColor in OfficeMenu1 is invalid.
Line 93: The property name ArrowColor in OfficeMenu1 is invalid.
Line 94: The property name BackgroundColor in OfficeMenu1 is invalid.
Line 95: The property name BorderColor in OfficeMenu1 is invalid.
Line 96: The property name CheckFillColor in OfficeMenu1 is invalid.
Line 97: The property name CheckMarkColor in OfficeMenu1 is invalid.
Line 98: The property name DisabledIconTintColor in OfficeMenu1 is invalid.
Line 99: The property name IconShadowColor in OfficeMenu1 is invalid.
Line 100: The property name MenuBarBackgroundColor in OfficeMenu1 is invalid.
Line 101: The property name MenuBarTextColor in OfficeMenu1 is invalid.
Line 102: The property name SelectedArrowColor in OfficeMenu1 is invalid.
Line 103: The property name SelectedCheckBorderColor in OfficeMenu1 is invalid.
Line 104: The property name SelectedCheckFillColor in OfficeMenu1 is invalid.
Line 105: The property name SelectedMenuBorderColor in OfficeMenu1 is invalid.
Line 106: The property name SelectedMenuFillColor in OfficeMenu1 is invalid.
Line 107: The property name SelectedMenuTextColor in OfficeMenu1 is invalid.
Line 108: The property name SeparatorColor in OfficeMenu1 is invalid.
Line 109: The property name SideBarGradientColor1 in OfficeMenu1 is invalid.
Line 110: The property name SideBarGradientColor2 in OfficeMenu1 is invalid.
Line 111: The property name TopLevelGradientColor1 in OfficeMenu1 is invalid.
Line 112: The property name TopLevelGradientColor2 in OfficeMenu1 is invalid.
Line 113: The property name SideBarColor in OfficeMenu1 is invalid.
Line 23: The property name _ExtentX in OfficeMenu1 is invalid.
Line 24: The property name _ExtentY in OfficeMenu1 is invalid.
Line 25: The property name MenuBitmapCount in OfficeMenu1 is invalid.
Line 26: The property name MenuBitmap:1 in OfficeMenu1 is invalid.
Line 27: The property name Masking:1 in OfficeMenu1 is invalid.
Line 28: The property name MenuKey:1 in OfficeMenu1 is invalid.
Line 29: The property name MenuBitmap:2 in OfficeMenu1 is invalid.
Line 30: The property name Masking:2 in OfficeMenu1 is invalid.
Line 31: The property name MenuKey:2 in OfficeMenu1 is invalid.
Line 32: The property name MenuBitmap:3 in OfficeMenu1 is invalid.
Line 33: The property name Masking:3 in OfficeMenu1 is invalid.
Line 34: The property name MenuKey:3 in OfficeMenu1 is invalid.
Line 35: The property name MenuBitmap:4 in OfficeMenu1 is invalid.
Line 36: The property name Masking:4 in OfficeMenu1 is invalid.
Line 37: The property name MenuKey:4 in OfficeMenu1 is invalid.
Line 38: The property name MenuBitmap:5 in OfficeMenu1 is invalid.
Line 39: The property name Masking:5 in OfficeMenu1 is invalid.
Line 40: The property name MenuKey:5 in OfficeMenu1 is invalid.
Line 41: The property name MenuBitmap:6 in OfficeMenu1 is invalid.
Line 42: The property name Masking:6 in OfficeMenu1 is invalid.
Line 43: The property name MenuKey:6 in OfficeMenu1 is invalid.
Line 44: The property name MenuBitmap:7 in OfficeMenu1 is invalid.
Line 45: The property name Masking:7 in OfficeMenu1 is invalid.
Line 46: The property name MenuKey:7 in OfficeMenu1 is invalid.
Line 47: The property name MenuBitmap:8 in OfficeMenu1 is invalid.
Line 48: The property name Masking:8 in OfficeMenu1 is invalid.
Line 49: The property name MenuKey:8 in OfficeMenu1 is invalid.
Line 50: The property name MenuBitmap:9 in OfficeMenu1 is invalid.
Line 51: The property name Masking:9 in OfficeMenu1 is invalid.
Line 52: The property name MenuKey:9 in OfficeMenu1 is invalid.
Line 53: The property name MenuBitmap:10 in OfficeMenu1 is invalid.
Line 54: The property name Masking:10 in OfficeMenu1 is invalid.
Line 55: The property name MenuKey:10 in OfficeMenu1 is invalid.
Line 56: The property name MenuBitmap:11 in OfficeMenu1 is invalid.
Line 57: The property name Masking:11 in OfficeMenu1 is invalid.
Line 58: The property name MenuKey:11 in OfficeMenu1 is invalid.
Line 59: The property name MenuBitmap:12 in OfficeMenu1 is invalid.
Line 60: The property name Masking:12 in OfficeMenu1 is invalid.
Line 61: The property name MenuKey:12 in OfficeMenu1 is invalid.
Line 62: The property name MenuBitmap:13 in OfficeMenu1 is invalid.
Line 63: The property name Masking:13 in OfficeMenu1 is invalid.
Line 64: The property name MenuKey:13 in OfficeMenu1 is invalid.
Line 65: The property name MenuBitmap:14 in OfficeMenu1 is invalid.
Line 66: The property name Masking:14 in OfficeMenu1 is invalid.
Line 67: The property name MenuKey:14 in OfficeMenu1 is invalid.
Line 68: The property name MenuBitmap:15 in OfficeMenu1 is invalid.
Line 69: The property name Masking:15 in OfficeMenu1 is invalid.
Line 70: The property name MenuKey:15 in OfficeMenu1 is invalid.
Line 71: The property name MenuBitmap:16 in OfficeMenu1 is invalid.
Line 72: The property name Masking:16 in OfficeMenu1 is invalid.
Line 73: The property name MenuKey:16 in OfficeMenu1 is invalid.
Line 74: The property name MenuBitmap:17 in OfficeMenu1 is invalid.
Line 75: The property name Masking:17 in OfficeMenu1 is invalid.
Line 76: The property name MenuKey:17 in OfficeMenu1 is invalid.
Line 77: The property name MenuBitmap:18 in OfficeMenu1 is invalid.
Line 78: The property name Masking:18 in OfficeMenu1 is invalid.
Line 79: The property name MenuKey:18 in OfficeMenu1 is invalid.
Line 89: The property name ArrowColor in OfficeMenu1 is invalid.
Line 90: The property name BackgroundColor in OfficeMenu1 is invalid.
Line 91: The property name BorderColor in OfficeMenu1 is invalid.
Line 92: The property name CheckFillColor in OfficeMenu1 is invalid.
Line 93: The property name ArrowColor in OfficeMenu1 is invalid.
Line 94: The property name BackgroundColor in OfficeMenu1 is invalid.
Line 95: The property name BorderColor in OfficeMenu1 is invalid.
Line 96: The property name CheckFillColor in OfficeMenu1 is invalid.
Line 97: The property name CheckMarkColor in OfficeMenu1 is invalid.
Line 98: The property name DisabledIconTintColor in OfficeMenu1 is invalid.
Line 99: The property name IconShadowColor in OfficeMenu1 is invalid.
Line 100: The property name MenuBarBackgroundColor in OfficeMenu1 is invalid.
Line 101: The property name MenuBarTextColor in OfficeMenu1 is invalid.
Line 102: The property name SelectedArrowColor in OfficeMenu1 is invalid.
Line 103: The property name SelectedCheckBorderColor in OfficeMenu1 is invalid.
Line 104: The property name SelectedCheckFillColor in OfficeMenu1 is invalid.
Line 105: The property name SelectedMenuBorderColor in OfficeMenu1 is invalid.
Line 106: The property name SelectedMenuFillColor in OfficeMenu1 is invalid.
Line 107: The property name SelectedMenuTextColor in OfficeMenu1 is invalid.
Line 108: The property name SeparatorColor in OfficeMenu1 is invalid.
Line 109: The property name SideBarGradientColor1 in OfficeMenu1 is invalid.
Line 110: The property name SideBarGradientColor2 in OfficeMenu1 is invalid.
Line 111: The property name TopLevelGradientColor1 in OfficeMenu1 is invalid.
Line 112: The property name TopLevelGradientColor2 in OfficeMenu1 is invalid.
Line 113: The property name SideBarColor in OfficeMenu1 is invalid.
Line 23: The property name _ExtentX in OfficeMenu1 is invalid.
Line 24: The property name _ExtentY in OfficeMenu1 is invalid.
Line 25: The property name MenuBitmapCount in OfficeMenu1 is invalid.
Line 26: The property name MenuBitmap:1 in OfficeMenu1 is invalid.
Line 27: The property name Masking:1 in OfficeMenu1 is invalid.
Line 28: The property name MenuKey:1 in OfficeMenu1 is invalid.
Line 29: The property name MenuBitmap:2 in OfficeMenu1 is invalid.
Line 30: The property name Masking:2 in OfficeMenu1 is invalid.
Line 31: The property name MenuKey:2 in OfficeMenu1 is invalid.
Line 32: The property name MenuBitmap:3 in OfficeMenu1 is invalid.
Line 33: The property name Masking:3 in OfficeMenu1 is invalid.
Line 34: The property name MenuKey:3 in OfficeMenu1 is invalid.
Line 35: The property name MenuBitmap:4 in OfficeMenu1 is invalid.
Line 36: The property name Masking:4 in OfficeMenu1 is invalid.
Line 37: The property name MenuKey:4 in OfficeMenu1 is invalid.
Line 38: The property name MenuBitmap:5 in OfficeMenu1 is invalid.
Line 39: The property name Masking:5 in OfficeMenu1 is invalid.
Line 40: The property name MenuKey:5 in OfficeMenu1 is invalid.
Line 41: The property name MenuBitmap:6 in OfficeMenu1 is invalid.
Line 42: The property name Masking:6 in OfficeMenu1 is invalid.
Line 43: The property name MenuKey:6 in OfficeMenu1 is invalid.
Line 44: The property name MenuBitmap:7 in OfficeMenu1 is invalid.
Line 45: The property name Masking:7 in OfficeMenu1 is invalid.
Line 46: The property name MenuKey:7 in OfficeMenu1 is invalid.
Line 47: The property name MenuBitmap:8 in OfficeMenu1 is invalid.
Line 48: The property name Masking:8 in OfficeMenu1 is invalid.
Line 49: The property name MenuKey:8 in OfficeMenu1 is invalid.
Line 50: The property name MenuBitmap:9 in OfficeMenu1 is invalid.
Line 51: The property name Masking:9 in OfficeMenu1 is invalid.
Line 52: The property name MenuKey:9 in OfficeMenu1 is invalid.
Line 53: The property name MenuBitmap:10 in OfficeMenu1 is invalid.
Line 54: The property name Masking:10 in OfficeMenu1 is invalid.
Line 55: The property name MenuKey:10 in OfficeMenu1 is invalid.
Line 56: The property name MenuBitmap:11 in OfficeMenu1 is invalid.
Line 57: The property name Masking:11 in OfficeMenu1 is invalid.
Line 58: The property name MenuKey:11 in OfficeMenu1 is invalid.
Line 59: The property name MenuBitmap:12 in OfficeMenu1 is invalid.
Line 60: The property name Masking:12 in OfficeMenu1 is invalid.
Line 61: The property name MenuKey:12 in OfficeMenu1 is invalid.
Line 62: The property name MenuBitmap:13 in OfficeMenu1 is invalid.
Line 63: The property name Masking:13 in OfficeMenu1 is invalid.
Line 64: The property name MenuKey:13 in OfficeMenu1 is invalid.
Line 65: The property name MenuBitmap:14 in OfficeMenu1 is invalid.
Line 66: The property name Masking:14 in OfficeMenu1 is invalid.
Line 67: The property name MenuKey:14 in OfficeMenu1 is invalid.
Line 68: The property name MenuBitmap:15 in OfficeMenu1 is invalid.
Line 69: The property name Masking:15 in OfficeMenu1 is invalid.
Line 70: The property name MenuKey:15 in OfficeMenu1 is invalid.
Line 71: The property name MenuBitmap:16 in OfficeMenu1 is invalid.
Line 72: The property name Masking:16 in OfficeMenu1 is invalid.
Line 73: The property name MenuKey:16 in OfficeMenu1 is invalid.
Line 74: The property name MenuBitmap:17 in OfficeMenu1 is invalid.
Line 75: The property name Masking:17 in OfficeMenu1 is invalid.
Line 76: The property name MenuKey:17 in OfficeMenu1 is invalid.
Line 77: The property name MenuBitmap:18 in OfficeMenu1 is invalid.
Line 78: The property name Masking:18 in OfficeMenu1 is invalid.
Line 79: The property name MenuKey:18 in OfficeMenu1 is invalid.
Line 89: The property name ArrowColor in OfficeMenu1 is invalid.
Line 90: The property name BackgroundColor in OfficeMenu1 is invalid.
Line 91: The property name BorderColor in OfficeMenu1 is invalid.
Line 92: The property name CheckFillColor in OfficeMenu1 is invalid.
Line 93: The property name ArrowColor in OfficeMenu1 is invalid.
Line 94: The property name BackgroundColor in OfficeMenu1 is invalid.
Line 95: The property name BorderColor in OfficeMenu1 is invalid.
Line 96: The property name CheckFillColor in OfficeMenu1 is invalid.
Line 97: The property name CheckMarkColor in OfficeMenu1 is invalid.
Line 98: The property name DisabledIconTintColor in OfficeMenu1 is invalid.
Line 99: The property name IconShadowColor in OfficeMenu1 is invalid.
Line 100: The property name MenuBarBackgroundColor in OfficeMenu1 is invalid.
Line 101: The property name MenuBarTextColor in OfficeMenu1 is invalid.
Line 102: The property name SelectedArrowColor in OfficeMenu1 is invalid.
Line 103: The property name SelectedCheckBorderColor in OfficeMenu1 is invalid.
Line 104: The property name SelectedCheckFillColor in OfficeMenu1 is invalid.
Line 105: The property name SelectedMenuBorderColor in OfficeMenu1 is invalid.
Line 106: The property name SelectedMenuFillColor in OfficeMenu1 is invalid.
Line 107: The property name SelectedMenuTextColor in OfficeMenu1 is invalid.
Line 108: The property name SeparatorColor in OfficeMenu1 is invalid.
Line 109: The property name SideBarGradientColor1 in OfficeMenu1 is invalid.
Line 110: The property name SideBarGradientColor2 in OfficeMenu1 is invalid.
Line 111: The property name TopLevelGradientColor1 in OfficeMenu1 is invalid.
Line 112: The property name TopLevelGradientColor2 in OfficeMenu1 is invalid.
Line 113: The property name SideBarColor in OfficeMenu1 is invalid.
Line 23: The property name _ExtentX in OfficeMenu1 is invalid.
Line 24: The property name _ExtentY in OfficeMenu1 is invalid.
Line 25: The property name MenuBitmapCount in OfficeMenu1 is invalid.
Line 26: The property name MenuBitmap:1 in OfficeMenu1 is invalid.
Line 27: The property name Masking:1 in OfficeMenu1 is invalid.
Line 28: The property name MenuKey:1 in OfficeMenu1 is invalid.
Line 29: The property name MenuBitmap:2 in OfficeMenu1 is invalid.
Line 30: The property name Masking:2 in OfficeMenu1 is invalid.
Line 31: The property name MenuKey:2 in OfficeMenu1 is invalid.
Line 32: The property name MenuBitmap:3 in OfficeMenu1 is invalid.
Line 33: The property name Masking:3 in OfficeMenu1 is invalid.
Line 34: The property name MenuKey:3 in OfficeMenu1 is invalid.
Line 35: The property name MenuBitmap:4 in OfficeMenu1 is invalid.
Line 36: The property name Masking:4 in OfficeMenu1 is invalid.
Line 37: The property name MenuKey:4 in OfficeMenu1 is invalid.
Line 38: The property name MenuBitmap:5 in OfficeMenu1 is invalid.
Line 39: The property name Masking:5 in OfficeMenu1 is invalid.
Line 40: The property name MenuKey:5 in OfficeMenu1 is invalid.
Line 41: The property name MenuBitmap:6 in OfficeMenu1 is invalid.
Line 42: The property name Masking:6 in OfficeMenu1 is invalid.
Line 43: The property name MenuKey:6 in OfficeMenu1 is invalid.
Line 44: The property name MenuBitmap:7 in OfficeMenu1 is invalid.
Line 45: The property name Masking:7 in OfficeMenu1 is invalid.
Line 46: The property name MenuKey:7 in OfficeMenu1 is invalid.
Line 47: The property name MenuBitmap:8 in OfficeMenu1 is invalid.
Line 48: The property name Masking:8 in OfficeMenu1 is invalid.
Line 49: The property name MenuKey:8 in OfficeMenu1 is invalid.
Line 50: The property name MenuBitmap:9 in OfficeMenu1 is invalid.
Line 51: The property name Masking:9 in OfficeMenu1 is invalid.
Line 52: The property name MenuKey:9 in OfficeMenu1 is invalid.
Line 53: The property name MenuBitmap:10 in OfficeMenu1 is invalid.
Line 54: The property name Masking:10 in OfficeMenu1 is invalid.
Line 55: The property name MenuKey:10 in OfficeMenu1 is invalid.
Line 56: The property name MenuBitmap:11 in OfficeMenu1 is invalid.
Line 57: The property name Masking:11 in OfficeMenu1 is invalid.
Line 58: The property name MenuKey:11 in OfficeMenu1 is invalid.
Line 59: The property name MenuBitmap:12 in OfficeMenu1 is invalid.
Line 60: The property name Masking:12 in OfficeMenu1 is invalid.
Line 61: The property name MenuKey:12 in OfficeMenu1 is invalid.
Line 62: The property name MenuBitmap:13 in OfficeMenu1 is invalid.
Line 63: The property name Masking:13 in OfficeMenu1 is invalid.
Line 64: The property name MenuKey:13 in OfficeMenu1 is invalid.
Line 65: The property name MenuBitmap:14 in OfficeMenu1 is invalid.
Line 66: The property name Masking:14 in OfficeMenu1 is invalid.
Line 67: The property name MenuKey:14 in OfficeMenu1 is invalid.
Line 68: The property name MenuBitmap:15 in OfficeMenu1 is invalid.
Line 69: The property name Masking:15 in OfficeMenu1 is invalid.
Line 70: The property name MenuKey:15 in OfficeMenu1 is invalid.
Line 71: The property name MenuBitmap:16 in OfficeMenu1 is invalid.
Line 72: The property name Masking:16 in OfficeMenu1 is invalid.
Line 73: The property name MenuKey:16 in OfficeMenu1 is invalid.
Line 74: The property name MenuBitmap:17 in OfficeMenu1 is invalid.
Line 75: The property name Masking:17 in OfficeMenu1 is invalid.
Line 76: The property name MenuKey:17 in OfficeMenu1 is invalid.
Line 77: The property name MenuBitmap:18 in OfficeMenu1 is invalid.
Line 78: The property name Masking:18 in OfficeMenu1 is invalid.
Line 79: The property name MenuKey:18 in OfficeMenu1 is invalid.
Line 89: The property name ArrowColor in OfficeMenu1 is invalid.
Line 90: The property name BackgroundColor in OfficeMenu1 is invalid.
Line 91: The property name BorderColor in OfficeMenu1 is invalid.
Line 92: The property name CheckFillColor in OfficeMenu1 is invalid.
Line 93: The property name ArrowColor in OfficeMenu1 is invalid.
Line 94: The property name BackgroundColor in OfficeMenu1 is invalid.
Line 95: The property name BorderColor in OfficeMenu1 is invalid.
Line 96: The property name CheckFillColor in OfficeMenu1 is invalid.
Line 97: The property name CheckMarkColor in OfficeMenu1 is invalid.
Line 98: The property name DisabledIconTintColor in OfficeMenu1 is invalid.
Line 99: The property name IconShadowColor in OfficeMenu1 is invalid.
Line 100: The property name MenuBarBackgroundColor in OfficeMenu1 is invalid.
Line 101: The property name MenuBarTextColor in OfficeMenu1 is invalid.
Line 102: The property name SelectedArrowColor in OfficeMenu1 is invalid.
Line 103: The property name SelectedCheckBorderColor in OfficeMenu1 is invalid.
Line 104: The property name SelectedCheckFillColor in OfficeMenu1 is invalid.
Line 105: The property name SelectedMenuBorderColor in OfficeMenu1 is invalid.
Line 106: The property name SelectedMenuFillColor in OfficeMenu1 is invalid.
Line 107: The property name SelectedMenuTextColor in OfficeMenu1 is invalid.
Line 108: The property name SeparatorColor in OfficeMenu1 is invalid.
Line 109: The property name SideBarGradientColor1 in OfficeMenu1 is invalid.
Line 110: The property name SideBarGradientColor2 in OfficeMenu1 is invalid.
Line 111: The property name TopLevelGradientColor1 in OfficeMenu1 is invalid.
Line 112: The property name TopLevelGradientColor2 in OfficeMenu1 is invalid.
Line 113: The property name SideBarColor in OfficeMenu1 is invalid.
Line 23: The property name _ExtentX in OfficeMenu1 is invalid.
Line 24: The property name _ExtentY in OfficeMenu1 is invalid.
Line 25: The property name MenuBitmapCount in OfficeMenu1 is invalid.
Line 26: The property name MenuBitmap:1 in OfficeMenu1 is invalid.
Line 27: The property name Masking:1 in OfficeMenu1 is invalid.
Line 28: The property name MenuKey:1 in OfficeMenu1 is invalid.
Line 29: The property name MenuBitmap:2 in OfficeMenu1 is invalid.
Line 30: The property name Masking:2 in OfficeMenu1 is invalid.
Line 31: The property name MenuKey:2 in OfficeMenu1 is invalid.
Line 32: The property name MenuBitmap:3 in OfficeMenu1 is invalid.
Line 33: The property name Masking:3 in OfficeMenu1 is invalid.
Line 34: The property name MenuKey:3 in OfficeMenu1 is invalid.
Line 35: The property name MenuBitmap:4 in OfficeMenu1 is invalid.
Line 36: The property name Masking:4 in OfficeMenu1 is invalid.
Line 37: The property name MenuKey:4 in OfficeMenu1 is invalid.
Line 38: The property name MenuBitmap:5 in OfficeMenu1 is invalid.
Line 39: The property name Masking:5 in OfficeMenu1 is invalid.
Line 40: The property name MenuKey:5 in OfficeMenu1 is invalid.
Line 41: The property name MenuBitmap:6 in OfficeMenu1 is invalid.
Line 42: The property name Masking:6 in OfficeMenu1 is invalid.
Line 43: The property name MenuKey:6 in OfficeMenu1 is invalid.
Line 44: The property name MenuBitmap:7 in OfficeMenu1 is invalid.
Line 45: The property name Masking:7 in OfficeMenu1 is invalid.
Line 46: The property name MenuKey:7 in OfficeMenu1 is invalid.
Line 47: The property name MenuBitmap:8 in OfficeMenu1 is invalid.
Line 48: The property name Masking:8 in OfficeMenu1 is invalid.
Line 49: The property name MenuKey:8 in OfficeMenu1 is invalid.
Line 50: The property name MenuBitmap:9 in OfficeMenu1 is invalid.
Line 51: The property name Masking:9 in OfficeMenu1 is invalid.
Line 52: The property name MenuKey:9 in OfficeMenu1 is invalid.
Line 53: The property name MenuBitmap:10 in OfficeMenu1 is invalid.
Line 54: The property name Masking:10 in OfficeMenu1 is invalid.
Line 55: The property name MenuKey:10 in OfficeMenu1 is invalid.
Line 56: The property name MenuBitmap:11 in OfficeMenu1 is invalid.
Line 57: The property name Masking:11 in OfficeMenu1 is invalid.
Line 58: The property name MenuKey:11 in OfficeMenu1 is invalid.
Line 59: The property name MenuBitmap:12 in OfficeMenu1 is invalid.
Line 60: The property name Masking:12 in OfficeMenu1 is invalid.
Line 61: The property name MenuKey:12 in OfficeMenu1 is invalid.
Line 62: The property name MenuBitmap:13 in OfficeMenu1 is invalid.
Line 63: The property name Masking:13 in OfficeMenu1 is invalid.
Line 64: The property name MenuKey:13 in OfficeMenu1 is invalid.
Line 65: The property name MenuBitmap:14 in OfficeMenu1 is invalid.
Line 66: The property name Masking:14 in OfficeMenu1 is invalid.
Line 67: The property name MenuKey:14 in OfficeMenu1 is invalid.
Line 68: The property name MenuBitmap:15 in OfficeMenu1 is invalid.
Line 69: The property name Masking:15 in OfficeMenu1 is invalid.
Line 70: The property name MenuKey:15 in OfficeMenu1 is invalid.
Line 71: The property name MenuBitmap:16 in OfficeMenu1 is invalid.
Line 72: The property name Masking:16 in OfficeMenu1 is invalid.
Line 73: The property name MenuKey:16 in OfficeMenu1 is invalid.
Line 74: The property name MenuBitmap:17 in OfficeMenu1 is invalid.
Line 75: The property name Masking:17 in OfficeMenu1 is invalid.
Line 76: The property name MenuKey:17 in OfficeMenu1 is invalid.
Line 77: The property name MenuBitmap:18 in OfficeMenu1 is invalid.
Line 78: The property name Masking:18 in OfficeMenu1 is invalid.
Line 79: The property name MenuKey:18 in OfficeMenu1 is invalid.
Line 89: The property name ArrowColor in OfficeMenu1 is invalid.
Line 90: The property name BackgroundColor in OfficeMenu1 is invalid.
Line 91: The property name BorderColor in OfficeMenu1 is invalid.
Line 92: The property name CheckFillColor in OfficeMenu1 is invalid.
Line 93: The property name ArrowColor in OfficeMenu1 is invalid.
Line 94: The property name BackgroundColor in OfficeMenu1 is invalid.
Line 95: The property name BorderColor in OfficeMenu1 is invalid.
Line 96: The property name CheckFillColor in OfficeMenu1 is invalid.
Line 97: The property name CheckMarkColor in OfficeMenu1 is invalid.
Line 98: The property name DisabledIconTintColor in OfficeMenu1 is invalid.
Line 99: The property name IconShadowColor in OfficeMenu1 is invalid.
Line 100: The property name MenuBarBackgroundColor in OfficeMenu1 is invalid.
Line 101: The property name MenuBarTextColor in OfficeMenu1 is invalid.
Line 102: The property name SelectedArrowColor in OfficeMenu1 is invalid.
Line 103: The property name SelectedCheckBorderColor in OfficeMenu1 is invalid.
Line 104: The property name SelectedCheckFillColor in OfficeMenu1 is invalid.
Line 105: The property name SelectedMenuBorderColor in OfficeMenu1 is invalid.
Line 106: The property name SelectedMenuFillColor in OfficeMenu1 is invalid.
Line 107: The property name SelectedMenuTextColor in OfficeMenu1 is invalid.
Line 108: The property name SeparatorColor in OfficeMenu1 is invalid.
Line 109: The property name SideBarGradientColor1 in OfficeMenu1 is invalid.
Line 110: The property name SideBarGradientColor2 in OfficeMenu1 is invalid.
Line 111: The property name TopLevelGradientColor1 in OfficeMenu1 is invalid.
Line 112: The property name TopLevelGradientColor2 in OfficeMenu1 is invalid.
Line 113: The property name SideBarColor in OfficeMenu1 is invalid.
